<?xml version="1.0" encoding="UTF-8"?>
<testng-results total="1" passed="1" failed="0" skipped="0">
  <reporter-output>
  </reporter-output>
  <suite started-at="2022-06-22T18:33:23Z" name="Default suite" finished-at="2022-06-22T18:33:25Z" duration-ms="2097">
    <groups>
    </groups>
    <test started-at="2022-06-22T18:33:23Z" name="Default test" finished-at="2022-06-22T18:33:25Z" duration-ms="2097">
      <class name="TestCases.GetTestAPI4">
        <test-method is-config="true" signature="setup()[pri:0, instance:TestCases.GetTestAPI4@6304101a]" started-at="2022-06-23T00:03:23Z" name="setup" finished-at="2022-06-23T00:03:23Z" duration-ms="12" status="PASS">
          <reporter-output>
          </reporter-output>
        </test-method> <!-- setup -->
        <test-method signature="Test1()[pri:0, instance:TestCases.GetTestAPI4@6304101a]" started-at="2022-06-23T00:03:23Z" name="Test1" finished-at="2022-06-23T00:03:25Z" duration-ms="2040" status="PASS">
          <reporter-output>
          </reporter-output>
        </test-method> <!-- Test1 -->
      </class> <!-- TestCases.GetTestAPI4 -->
    </test> <!-- Default test -->
  </suite> <!-- Default suite -->
</testng-results>
