<?xml version="1.0" encoding="UTF-8"?>
<testng-results total="1" passed="1" failed="0" skipped="0">
  <reporter-output>
  </reporter-output>
  <suite started-at="2022-06-26T08:28:35Z" name="Default suite" finished-at="2022-06-26T08:28:39Z" duration-ms="4074">
    <groups>
    </groups>
    <test started-at="2022-06-26T08:28:35Z" name="Default test" finished-at="2022-06-26T08:28:39Z" duration-ms="4074">
      <class name="TestCases.GetTestAPI4">
        <test-method is-config="true" signature="setup()[pri:0, instance:TestCases.GetTestAPI4@6d026701]" started-at="2022-06-26T13:58:35Z" name="setup" finished-at="2022-06-26T13:58:35Z" duration-ms="15" status="PASS">
          <reporter-output>
          </reporter-output>
        </test-method> <!-- setup -->
        <test-method signature="Test1()[pri:0, instance:TestCases.GetTestAPI4@6d026701]" started-at="2022-06-26T13:58:35Z" name="Test1" finished-at="2022-06-26T13:58:39Z" duration-ms="4025" status="PASS">
          <reporter-output>
          </reporter-output>
        </test-method> <!-- Test1 -->
      </class> <!-- TestCases.GetTestAPI4 -->
    </test> <!-- Default test -->
  </suite> <!-- Default suite -->
</testng-results>
